Vivado Simulator v2025.1.0
Copyright 1986-2022 Xilinx, Inc. All Rights Reserved.
Copyright 2022-2025 Advanced Micro Devices, Inc. All Rights Reserved.
Running: C:/Xilinx/2025.1/Vivado/bin/unwrapped/win64.o/xelab.exe --incr --debug typical --relax --mt 2 -L xil_defaultlib -L uvm -L unisims_ver -L unimacro_ver -L secureip --snapshot fp_adder_tb_behav xil_defaultlib.fp_adder_tb xil_defaultlib.glbl -log elaborate.log 
Using 2 slave threads.
Starting static elaboration
Pass Through NonSizing Optimizer
Completed static elaboration
Starting simulation data flow analysis
Completed simulation data flow analysis
Time Resolution for simulation is 1ps
Compiling package xil_defaultlib.FloatingPointPkg
Compiling module xil_defaultlib.fp_sorter
Compiling module xil_defaultlib.fp_aligment
Compiling module xil_defaultlib.fp_sum_significands
Compiling module xil_defaultlib.fp_leading_zeros
Compiling module xil_defaultlib.fp_normalize
Compiling module xil_defaultlib.fp_adder
Compiling module xil_defaultlib.fp_adder_tb
Compiling module xil_defaultlib.glbl
Built simulation snapshot fp_adder_tb_behav
