
*** Running vivado
    with args -log main.vds -m64 -product Vivado -mode batch -messageDb vivado.pb -notrace -source main.tcl



****** Vivado v2025.1 (64-bit)
  **** SW Build 6140274 on Thu May 22 00:12:29 MDT 2025
  **** IP Build 6138677 on Thu May 22 03:10:11 MDT 2025
  **** SharedData Build 6139179 on Tue May 20 17:58:58 MDT 2025
  **** Start of session at: Sun Nov 16 19:27:57 2025
    ** Copyright 1986-2022 Xilinx, Inc. All Rights Reserved.
    ** Copyright 2022-2025 Advanced Micro Devices, Inc. All Rights Reserved.

source main.tcl -notrace
create_project: Time (s): cpu = 00:00:08 ; elapsed = 00:00:06 . Memory (MB): peak = 493.934 ; gain = 211.199
Command: read_checkpoint -auto_incremental -incremental C:/Users/thisi/Documents/School/Semestre2026-1/SistemasAvanzados/vivado/activity4/activity4.srcs/utils_1/imports/synth_1/SecretCodeDoorLock.dcp
INFO: [Vivado 12-5825] Read reference checkpoint from C:/Users/thisi/Documents/School/Semestre2026-1/SistemasAvanzados/vivado/activity4/activity4.srcs/utils_1/imports/synth_1/SecretCodeDoorLock.dcp for incremental synthesis
INFO: [Vivado 12-7989] Please ensure there are no constraint changes
Command: synth_design -top main -part xc7a35tcpg236-1
Starting synth_design
Attempting to get a license for feature 'Synthesis' and/or device 'xc7a35t'
INFO: [Common 17-349] Got license for feature 'Synthesis' and/or device 'xc7a35t'
INFO: [Synth 8-7079] Multithreading enabled for synth_design using a maximum of 2 processes.
INFO: [Synth 8-7078] Launching helper process for spawning children vivado processes
INFO: [Synth 8-7075] Helper process launched with PID 17404
---------------------------------------------------------------------------------
Starting Synthesize : Time (s): cpu = 00:00:05 ; elapsed = 00:00:06 . Memory (MB): peak = 1005.051 ; gain = 497.254
---------------------------------------------------------------------------------
INFO: [Synth 8-6157] synthesizing module 'main' [C:/Users/thisi/Documents/School/Semestre2026-1/SistemasAvanzados/vivado/activity4/activity4.srcs/sources_1/new/main.sv:3]
INFO: [Synth 8-6157] synthesizing module 'SecretCodeDoorLock' [C:/Users/thisi/Documents/School/Semestre2026-1/SistemasAvanzados/vivado/activity4/activity4.srcs/sources_1/new/SecretCodeDoorLock.sv:3]
INFO: [Synth 8-226] default block is never used [C:/Users/thisi/Documents/School/Semestre2026-1/SistemasAvanzados/vivado/activity4/activity4.srcs/sources_1/new/SecretCodeDoorLock.sv:77]
INFO: [Synth 8-6155] done synthesizing module 'SecretCodeDoorLock' (0#1) [C:/Users/thisi/Documents/School/Semestre2026-1/SistemasAvanzados/vivado/activity4/activity4.srcs/sources_1/new/SecretCodeDoorLock.sv:3]
INFO: [Synth 8-6157] synthesizing module 'x7segmux' [C:/Users/thisi/Documents/School/Semestre2026-1/SistemasAvanzados/vivado/activity4/activity4.srcs/sources_1/new/x7segmux.sv:3]
INFO: [Synth 8-6155] done synthesizing module 'x7segmux' (0#1) [C:/Users/thisi/Documents/School/Semestre2026-1/SistemasAvanzados/vivado/activity4/activity4.srcs/sources_1/new/x7segmux.sv:3]
INFO: [Synth 8-6155] done synthesizing module 'main' (0#1) [C:/Users/thisi/Documents/School/Semestre2026-1/SistemasAvanzados/vivado/activity4/activity4.srcs/sources_1/new/main.sv:3]
WARNING: [Synth 8-7129] Port dp_in[3] in module x7segmux is either unconnected or has no load
WARNING: [Synth 8-7129] Port dp_in[2] in module x7segmux is either unconnected or has no load
WARNING: [Synth 8-7129] Port dp_in[1] in module x7segmux is either unconnected or has no load
WARNING: [Synth 8-7129] Port dp_in[0] in module x7segmux is either unconnected or has no load
---------------------------------------------------------------------------------
Finished Synthesize : Time (s): cpu = 00:00:07 ; elapsed = 00:00:07 . Memory (MB): peak = 1111.016 ; gain = 603.219
---------------------------------------------------------------------------------
---------------------------------------------------------------------------------
Finished Constraint Validation : Time (s): cpu = 00:00:08 ; elapsed = 00:00:08 . Memory (MB): peak = 1111.016 ; gain = 603.219
---------------------------------------------------------------------------------
---------------------------------------------------------------------------------
Start Loading Part and Timing Information
---------------------------------------------------------------------------------
Loading part: xc7a35tcpg236-1
---------------------------------------------------------------------------------
INFO: [Device 21-403] Loading part xc7a35tcpg236-1
Finished Loading Part and Timing Information : Time (s): cpu = 00:00:08 ; elapsed = 00:00:08 . Memory (MB): peak = 1111.016 ; gain = 603.219
---------------------------------------------------------------------------------
---------------------------------------------------------------------------------
Start Preparing Guide Design
---------------------------------------------------------------------------------
CRITICAL WARNING: [Synth 8-6895] The reference checkpoint C:/Users/thisi/Documents/School/Semestre2026-1/SistemasAvanzados/vivado/activity4/activity4.srcs/utils_1/imports/synth_1/SecretCodeDoorLock.dcp is not suitable for use with incremental synthesis for this design. Please regenerate the checkpoint for this design with -incremental_synth switch in the same Vivado session that synth_design has been run. Synthesis will continue with the default flow
---------------------------------------------------------------------------------
Finished Doing Graph Differ : Time (s): cpu = 00:00:08 ; elapsed = 00:00:08 . Memory (MB): peak = 1111.016 ; gain = 603.219
---------------------------------------------------------------------------------
---------------------------------------------------------------------------------
Finished Preparing Guide Design : Time (s): cpu = 00:00:08 ; elapsed = 00:00:08 . Memory (MB): peak = 1111.016 ; gain = 603.219
---------------------------------------------------------------------------------
INFO: [Synth 8-802] inferred FSM for state register 'current_state_reg' in module 'SecretCodeDoorLock'
---------------------------------------------------------------------------------------------------
                   State |                     New Encoding |                Previous Encoding 
---------------------------------------------------------------------------------------------------
                    IDLE |                              000 |                              000
           INPUT_DIGIT_1 |                              001 |                              001
           INPUT_DIGIT_2 |                              010 |                              010
           INPUT_DIGIT_3 |                              011 |                              011
           INPUT_DIGIT_4 |                              100 |                              100
              CHECK_CODE |                              101 |                              101
            CORRECT_CODE |                              110 |                              110
          INCORRECT_CODE |                              111 |                              111
---------------------------------------------------------------------------------------------------
INFO: [Synth 8-3354] encoded FSM with state register 'current_state_reg' using encoding 'sequential' in module 'SecretCodeDoorLock'
---------------------------------------------------------------------------------
Finished RTL Optimization Phase 2 : Time (s): cpu = 00:00:08 ; elapsed = 00:00:08 . Memory (MB): peak = 1111.016 ; gain = 603.219
---------------------------------------------------------------------------------


Incremental Synthesis Report Summary:

1. Incremental synthesis run: no

   Reason for not running incremental synthesis : 


INFO: [Synth 8-7130] Flow is switching to default flow due to incremental criteria not met. If you would like to alter this behaviour and have the flow terminate instead, please set the following parameter config_implementation {autoIncr.Synth.RejectBehavior Terminate}
No constraint files found.
---------------------------------------------------------------------------------
Start RTL Component Statistics 
---------------------------------------------------------------------------------
Detailed RTL Component Info : 
+---Registers : 
	                2 Bit    Registers := 4     
+---Muxes : 
	   4 Input    4 Bit        Muxes := 2     
	   3 Input    4 Bit        Muxes := 3     
	   2 Input    3 Bit        Muxes := 2     
	   8 Input    3 Bit        Muxes := 1     
	   2 Input    2 Bit        Muxes := 1     
	   3 Input    2 Bit        Muxes := 2     
	   2 Input    1 Bit        Muxes := 1     
	   8 Input    1 Bit        Muxes := 5     
	   5 Input    1 Bit        Muxes := 4     
---------------------------------------------------------------------------------
Finished RTL Component Statistics 
---------------------------------------------------------------------------------
---------------------------------------------------------------------------------
Start Part Resource Summary
---------------------------------------------------------------------------------
Part Resources:
DSPs: 90 (col length:60)
BRAMs: 100 (col length: RAMB18 60 RAMB36 30)
---------------------------------------------------------------------------------
Finished Part Resource Summary
---------------------------------------------------------------------------------
No constraint files found.
---------------------------------------------------------------------------------
Start Cross Boundary and Area Optimization
---------------------------------------------------------------------------------
WARNING: [Synth 8-7080] Parallel synthesis criteria is not met
---------------------------------------------------------------------------------
Finished Cross Boundary and Area Optimization : Time (s): cpu = 00:00:11 ; elapsed = 00:00:13 . Memory (MB): peak = 1307.996 ; gain = 800.199
---------------------------------------------------------------------------------
No constraint files found.
---------------------------------------------------------------------------------
Start Timing Optimization
---------------------------------------------------------------------------------
---------------------------------------------------------------------------------
Finished Timing Optimization : Time (s): cpu = 00:00:11 ; elapsed = 00:00:13 . Memory (MB): peak = 1307.996 ; gain = 800.199
---------------------------------------------------------------------------------
---------------------------------------------------------------------------------
Start Technology Mapping
---------------------------------------------------------------------------------
---------------------------------------------------------------------------------
Finished Technology Mapping : Time (s): cpu = 00:00:11 ; elapsed = 00:00:13 . Memory (MB): peak = 1307.996 ; gain = 800.199
---------------------------------------------------------------------------------
---------------------------------------------------------------------------------
Start IO Insertion
---------------------------------------------------------------------------------
---------------------------------------------------------------------------------
Start Flattening Before IO Insertion
---------------------------------------------------------------------------------
---------------------------------------------------------------------------------
Finished Flattening Before IO Insertion
---------------------------------------------------------------------------------
---------------------------------------------------------------------------------
Start Final Netlist Cleanup
---------------------------------------------------------------------------------
---------------------------------------------------------------------------------
Finished Final Netlist Cleanup
---------------------------------------------------------------------------------
---------------------------------------------------------------------------------
Finished IO Insertion : Time (s): cpu = 00:00:17 ; elapsed = 00:00:18 . Memory (MB): peak = 1523.262 ; gain = 1015.465
---------------------------------------------------------------------------------
---------------------------------------------------------------------------------
Start Renaming Generated Instances
---------------------------------------------------------------------------------
---------------------------------------------------------------------------------
Finished Renaming Generated Instances : Time (s): cpu = 00:00:17 ; elapsed = 00:00:18 . Memory (MB): peak = 1523.262 ; gain = 1015.465
---------------------------------------------------------------------------------
---------------------------------------------------------------------------------
Start Rebuilding User Hierarchy
---------------------------------------------------------------------------------
---------------------------------------------------------------------------------
Finished Rebuilding User Hierarchy : Time (s): cpu = 00:00:17 ; elapsed = 00:00:18 . Memory (MB): peak = 1523.262 ; gain = 1015.465
---------------------------------------------------------------------------------
---------------------------------------------------------------------------------
Start Renaming Generated Ports
---------------------------------------------------------------------------------
---------------------------------------------------------------------------------
Finished Renaming Generated Ports : Time (s): cpu = 00:00:17 ; elapsed = 00:00:18 . Memory (MB): peak = 1523.262 ; gain = 1015.465
---------------------------------------------------------------------------------
---------------------------------------------------------------------------------
Start Handling Custom Attributes
---------------------------------------------------------------------------------
---------------------------------------------------------------------------------
Finished Handling Custom Attributes : Time (s): cpu = 00:00:17 ; elapsed = 00:00:18 . Memory (MB): peak = 1523.262 ; gain = 1015.465
---------------------------------------------------------------------------------
---------------------------------------------------------------------------------
Start Renaming Generated Nets
---------------------------------------------------------------------------------
---------------------------------------------------------------------------------
Finished Renaming Generated Nets : Time (s): cpu = 00:00:17 ; elapsed = 00:00:18 . Memory (MB): peak = 1523.262 ; gain = 1015.465
---------------------------------------------------------------------------------
---------------------------------------------------------------------------------
Start Writing Synthesis Report
---------------------------------------------------------------------------------

Report BlackBoxes: 
+-+--------------+----------+
| |BlackBox name |Instances |
+-+--------------+----------+
+-+--------------+----------+

Report Cell Usage: 
+------+-------+------+
|      |Cell   |Count |
+------+-------+------+
|1     |BUFG   |     1|
|2     |CARRY4 |     5|
|3     |LUT1   |     1|
|4     |LUT2   |     5|
|5     |LUT3   |     1|
|6     |LUT4   |     4|
|7     |LUT5   |     9|
|8     |LUT6   |     9|
|9     |FDCE   |    29|
|10    |IBUF   |    13|
|11    |OBUF   |    11|
+------+-------+------+

Report Instance Areas: 
+------+---------------+-------------------+------+
|      |Instance       |Module             |Cells |
+------+---------------+-------------------+------+
|1     |top            |                   |    88|
|2     |  display_inst |x7segmux           |    28|
|3     |  lock_inst    |SecretCodeDoorLock |    35|
+------+---------------+-------------------+------+
---------------------------------------------------------------------------------
Finished Writing Synthesis Report : Time (s): cpu = 00:00:17 ; elapsed = 00:00:18 . Memory (MB): peak = 1523.262 ; gain = 1015.465
---------------------------------------------------------------------------------
Synthesis finished with 0 errors, 1 critical warnings and 5 warnings.
Synthesis Optimization Runtime : Time (s): cpu = 00:00:17 ; elapsed = 00:00:18 . Memory (MB): peak = 1523.262 ; gain = 1015.465
Synthesis Optimization Complete : Time (s): cpu = 00:00:17 ; elapsed = 00:00:18 . Memory (MB): peak = 1523.262 ; gain = 1015.465
INFO: [Project 1-571] Translating synthesized netlist
Netlist sorting complete. Time (s): cpu = 00:00:00 ; elapsed = 00:00:00.001 . Memory (MB): peak = 1538.344 ; gain = 0.000
INFO: [Netlist 29-17] Analyzing 5 Unisim elements for replacement
INFO: [Netlist 29-28] Unisim Transformation completed in 0 CPU seconds
INFO: [Project 1-570] Preparing netlist for logic optimization
INFO: [Opt 31-138] Pushed 0 inverter(s) to 0 load pin(s).
Netlist sorting complete. Time (s): cpu = 00:00:00 ; elapsed = 00:00:00 . Memory (MB): peak = 1649.898 ; gain = 0.000
INFO: [Project 1-111] Unisim Transformation Summary:
No Unisim elements were transformed.

Synth Design complete | Checksum: aff6f293
INFO: [Common 17-83] Releasing license: Synthesis
24 Infos, 5 Warnings, 1 Critical Warnings and 0 Errors encountered.
synth_design completed successfully
synth_design: Time (s): cpu = 00:00:19 ; elapsed = 00:00:21 . Memory (MB): peak = 1649.898 ; gain = 1148.090
INFO: [runtcl-6] Synthesis results are not added to the cache due to CRITICAL_WARNING
Write ShapeDB Complete: Time (s): cpu = 00:00:00 ; elapsed = 00:00:00.001 . Memory (MB): peak = 1649.898 ; gain = 0.000
INFO: [Common 17-1381] The checkpoint 'C:/Users/thisi/Documents/School/Semestre2026-1/SistemasAvanzados/vivado/activity4/activity4.runs/synth_1/main.dcp' has been generated.
INFO: [Vivado 12-24828] Executing command : report_utilization -file main_utilization_synth.rpt -pb main_utilization_synth.pb
INFO: [Common 17-206] Exiting Vivado at Sun Nov 16 19:28:28 2025...
